#
# There is insufficient memory for the Java Runtime Environment to continue.
# Native memory allocation (malloc) failed to allocate 1048576 bytes for AllocateHeap
# Possible reasons:
#   The system is out of physical RAM or swap space
#   The process is running with CompressedOops enabled, and the Java Heap may be blocking the growth of the native heap
# Possible solutions:
#   Reduce memory load on the system
#   Increase physical memory or swap space
#   Check if swap backing store is full
#   Decrease Java heap size (-Xmx/-Xms)
#   Decrease number of Java threads
#   Decrease Java thread stack sizes (-Xss)
#   Set larger code cache with -XX:ReservedCodeCacheSize=
#   JVM is running with Unscaled Compressed Oops mode in which the Java heap is
#     placed in the first 4GB address space. The Java Heap base address is the
#     maximum limit for the native heap growth. Please use -XX:HeapBaseMinAddress
#     to set the Java Heap base and to place the Java Heap above 4GB virtual address.
# This output file may be truncated or incomplete.
#
#  Out of Memory Error (memory/allocation.inline.hpp:61), pid=3252, tid=0x0000000000003214
#
# JRE version:  (8.0_251-b08) (build )
# Java VM: Java HotSpot(TM) 64-Bit Server VM (25.251-b08 mixed mode windows-amd64 compressed oops)
# Failed to write core dump. Minidumps are not enabled by default on client versions of Windows
#

---------------  T H R E A D  ---------------

Current thread (0x000000000263e000):  JavaThread "Unknown thread" [_thread_in_vm, id=12820, stack(0x00000000024e0000,0x00000000025e0000)]

Stack: [0x00000000024e0000,0x00000000025e0000]
[error occurred during error reporting (printing stack bounds), id 0xc0000005]

Native frames: (J=compiled Java code, j=interpreted, Vv=VM code, C=native code)


---------------  P R O C E S S  ---------------

Java Threads: ( => current thread )

Other Threads:

=>0x000000000263e000 (exited) JavaThread "Unknown thread" [_thread_in_vm, id=12820, stack(0x00000000024e0000,0x00000000025e0000)]

VM state:not at safepoint (normal execution)

VM Mutex/Monitor currently owned by a thread: None

heap address: 0x00000000c1600000, size: 1002 MB, Compressed Oops mode: 32-bit
Narrow klass base: 0x0000000000000000, Narrow klass shift: 3
Compressed class space size: 1073741824 Address: 0x0000000100000000

Heap:
 PSYoungGen      total 18944K, used 327K [0x00000000eb200000, 0x00000000ec700000, 0x0000000100000000)
  eden space 16384K, 2% used [0x00000000eb200000,0x00000000eb251ec8,0x00000000ec200000)
  from space 2560K, 0% used [0x00000000ec480000,0x00000000ec480000,0x00000000ec700000)
  to   space 2560K, 0% used [0x00000000ec200000,0x00000000ec200000,0x00000000ec480000)
 ParOldGen       total 44032K, used 0K [0x00000000c1600000, 0x00000000c4100000, 0x00000000eb200000)
  object space 44032K, 0% used [0x00000000c1600000,0x00000000c1600000,0x00000000c4100000)
 Metaspace       used 752K, capacity 4480K, committed 4480K, reserved 1056768K
  class space    used 76K, capacity 384K, committed 384K, reserved 1048576K

Card table byte_map: [0x0000000011b00000,0x0000000011d00000] byte_map_base: 0x00000000114f5000

Marking Bits: (ParMarkBitMap*) 0x000000005d73af90
 Begin Bits: [0x0000000012250000, 0x00000000131f8000)
 End Bits:   [0x00000000131f8000, 0x00000000141a0000)

Polling page: 0x0000000000c70000

CodeCache: size=245760Kb used=328Kb max_used=328Kb free=245431Kb
 bounds [0x0000000002740000, 0x00000000029b0000, 0x0000000011740000]
 total_blobs=58 nmethods=0 adapters=38
 compilation: enabled

Compilation events (0 events):
No events

GC Heap History (0 events):
No events

Deoptimization events (0 events):
No events

Classes redefined (0 events):
No events

Internal exceptions (0 events):
No events

Events (10 events):
Event: 0.044 loading class java/lang/Short
Event: 0.044 loading class java/lang/Short done
Event: 0.044 loading class java/lang/Integer
Event: 0.045 loading class java/lang/Integer done
Event: 0.045 loading class java/lang/Long
Event: 0.045 loading class java/lang/Long done
Event: 0.046 loading class java/lang/NullPointerException
Event: 0.046 loading class java/lang/NullPointerException done
Event: 0.046 loading class java/lang/ArithmeticException
Event: 0.046 loading class java/lang/ArithmeticException done


Dynamic libraries:
0x00007ff6d9d40000 - 0x00007ff6d9d77000 	C:\Program Files\Java\jre1.8.0_251\bin\javaw.exe
0x00007ffc34900000 - 0x00007ffc34af0000 	C:\WINDOWS\SYSTEM32\ntdll.dll
0x00007ffc32ec0000 - 0x00007ffc32f72000 	C:\WINDOWS\System32\KERNEL32.DLL
0x00007ffc31cc0000 - 0x00007ffc31f65000 	C:\WINDOWS\System32\KERNELBASE.dll
0x00007ffc34380000 - 0x00007ffc34423000 	C:\WINDOWS\System32\ADVAPI32.dll
0x00007ffc33070000 - 0x00007ffc3310e000 	C:\WINDOWS\System32\msvcrt.dll
0x00007ffc34430000 - 0x00007ffc344c7000 	C:\WINDOWS\System32\sechost.dll
0x00007ffc34120000 - 0x00007ffc34240000 	C:\WINDOWS\System32\RPCRT4.dll
0x00007ffc33970000 - 0x00007ffc33b05000 	C:\WINDOWS\System32\USER32.dll
0x00007ffc318c0000 - 0x00007ffc318e1000 	C:\WINDOWS\System32\win32u.dll
0x00007ffc329b0000 - 0x00007ffc329d6000 	C:\WINDOWS\System32\GDI32.dll
0x00007ffc31a40000 - 0x00007ffc31bd6000 	C:\WINDOWS\System32\gdi32full.dll
0x00007ffc32120000 - 0x00007ffc321be000 	C:\WINDOWS\System32\msvcp_win.dll
0x00007ffc31f70000 - 0x00007ffc3206a000 	C:\WINDOWS\System32\ucrtbase.dll
0x00007ffc27300000 - 0x00007ffc27584000 	C:\WINDOWS\WinSxS\amd64_microsoft.windows.common-controls_6595b64144ccf1df_6.0.18362.1082_none_9e8193e1e45b25c1\COMCTL32.dll
0x00007ffc34580000 - 0x00007ffc348b5000 	C:\WINDOWS\System32\combase.dll
0x00007ffc31c40000 - 0x00007ffc31cc0000 	C:\WINDOWS\System32\bcryptPrimitives.dll
0x00007ffc329e0000 - 0x00007ffc32a0e000 	C:\WINDOWS\System32\IMM32.DLL
0x000000005daf0000 - 0x000000005dbc2000 	C:\Program Files\Java\jre1.8.0_251\bin\msvcr100.dll
0x000000005cf10000 - 0x000000005d7bb000 	C:\Program Files\Java\jre1.8.0_251\bin\server\jvm.dll
0x00007ffc32d00000 - 0x00007ffc32d08000 	C:\WINDOWS\System32\PSAPI.DLL
0x00007ffc24ac0000 - 0x00007ffc24ac9000 	C:\WINDOWS\SYSTEM32\WSOCK32.dll
0x00007ffc33900000 - 0x00007ffc3396f000 	C:\WINDOWS\System32\WS2_32.dll
0x00007ffc27ef0000 - 0x00007ffc27f14000 	C:\WINDOWS\SYSTEM32\WINMM.dll
0x00007ffc2b700000 - 0x00007ffc2b70a000 	C:\WINDOWS\SYSTEM32\VERSION.dll
0x00007ffc27ec0000 - 0x00007ffc27eed000 	C:\WINDOWS\SYSTEM32\winmmbase.dll
0x00007ffc321c0000 - 0x00007ffc3220a000 	C:\WINDOWS\System32\cfgmgr32.dll
0x00007ffc2bb10000 - 0x00007ffc2bb1f000 	C:\Program Files\Java\jre1.8.0_251\bin\verify.dll
0x00007ffc1ff10000 - 0x00007ffc1ff39000 	C:\Program Files\Java\jre1.8.0_251\bin\java.dll
0x00007ffc1fef0000 - 0x00007ffc1ff06000 	C:\Program Files\Java\jre1.8.0_251\bin\zip.dll

VM Arguments:
jvm_args: -Dfile.encoding=Cp1252 
java_command: com.xtel.javacorebase.Bai4.Main
java_class_path (initial): C:\Users\admin\eclipse-workspace\JavaCoreBasic\bin;C:\Users\admin\Downloads\sqldeveloper\jdbc\lib\ojdbc8.jar
Launcher Type: SUN_STANDARD

Environment Variables:
PATH=C:/Program Files/Java/jre1.8.0_251/bin/server;C:/Program Files/Java/jre1.8.0_251/bin;C:/Program Files/Java/jre1.8.0_251/lib/amd64;D:\Orcale\dbhomeXE\bin;C:\Python38\Scripts\;C:\Python38\;C:\Program Files (x86)\Common Files\Oracle\Java\javapath;C:\WINDOWS\system32;C:\WINDOWS;C:\WINDOWS\System32\Wbem;C:\WINDOWS\System32\WindowsPowerShell\v1.0\;C:\WINDOWS\System32\OpenSSH\;C:\Program Files\Microsoft SQL Server\110\Tools\Binn\;C:\Program Files (x86)\Microsoft SQL Server\110\Tools\Binn\;C:\Program Files (x86)\Microsoft SQL Server\110\Tools\Binn\ManagementStudio\;C:\Program Files (x86)\Microsoft Visual Studio 10.0\Common7\IDE\PrivateAssemblies\;C:\Program Files (x86)\Microsoft SQL Server\110\DTS\Binn\;C:\Program Files\Git\cmd;C:\ProgramData\chocolatey\bin;C:\Program Files\nodejs\;C:\Program Files\TortoiseGit\bin;C:\Program Files\Microsoft SQL Server\110\DTS\Binn\;C:\Program Files\dotnet\;C:\Program Files\Microsoft SQL Server\130\Tools\Binn\;C:\Program Files\Microsoft SQL Server\Client SDK\ODBC\170\Tools\Binn\;C:\Users\admin\AppData\Local\Microsoft\WindowsApps;;C:\Users\admin\AppData\Local\Programs\Microsoft VS Code\bin;C:\Users\admin\AppData\Roaming\npm;C:\Users\admin\.dotnet\tools;C:\Users\admin\Desktop;
USERNAME=admin
OS=Windows_NT
PROCESSOR_IDENTIFIER=Intel64 Family 6 Model 61 Stepping 4, GenuineIntel



---------------  S Y S T E M  ---------------

OS: Windows 10.0 , 64 bit Build 18362 (10.0.18362.1082)

CPU:total 4 (initial active 4) (2 cores per cpu, 2 threads per core) family 6 model 61 stepping 4, cmov, cx8, fxsr, mmx, sse, sse2, sse3, ssse3, sse4.1, sse4.2, popcnt, avx, avx2, aes, clmul, erms, 3dnowpref, lzcnt, ht, tsc, tscinvbit, bmi1, bmi2, adx

Memory: 4k page, physical 4102596k(493956k free), swap 12036672k(20224k free)

vm_info: Java HotSpot(TM) 64-Bit Server VM (25.251-b08) for windows-amd64 JRE (1.8.0_251-b08), built on Mar 12 2020 06:31:49 by "" with MS VC++ 10.0 (VS2010)

time: Fri Sep 18 11:23:26 2020
timezone: SE Asia Standard Time
elapsed time: 0 seconds (0d 0h 0m 0s)

